# JRE version: OpenJDK Runtime Environment (11.0.11+9) (build 11.0.11+9-b60-7590822)
# Java VM: OpenJDK 64-Bit Server VM (11.0.11+9-b60-7590822, mixed mode, tiered, compressed oops, g1 gc, windows-amd64)
Heap:
 garbage-first heap   total 260096K, used 180565K [0x0000000080000000, 0x0000000100000000)
  region size 1024K, 70 young (71680K), 10 survivors (10240K)
 Metaspace       used 118604K, capacity 121867K, committed 122060K, reserved 1155072K
  class space    used 14769K, capacity 15985K, committed 16076K, reserved 1048576K
GC Heap History (20 events):
Event: 698.333 GC heap before
{Heap before GC invocations=22 (full 0):
 garbage-first heap   total 260096K, used 152804K [0x0000000080000000, 0x0000000100000000)
  region size 1024K, 37 young (37888K), 6 survivors (6144K)
 Metaspace       used 103313K, capacity 105887K, committed 106188K, reserved 1142784K
  class space    used 12686K, capacity 13649K, committed 13772K, reserved 1048576K
}
Event: 698.371 GC heap after
{Heap after GC invocations=23 (full 0):
 garbage-first heap   total 260096K, used 131252K [0x0000000080000000, 0x0000000100000000)
  region size 1024K, 8 young (8192K), 8 survivors (8192K)
 Metaspace       used 103313K, capacity 105887K, committed 106188K, reserved 1142784K
  class space    used 12686K, capacity 13649K, committed 13772K, reserved 1048576K
}
Event: 698.564 GC heap before
{Heap before GC invocations=23 (full 0):
 garbage-first heap   total 260096K, used 153780K [0x0000000080000000, 0x0000000100000000)
  region size 1024K, 41 young (41984K), 8 survivors (8192K)
 Metaspace       used 103200K, capacity 105693K, committed 106188K, reserved 1142784K
  class space    used 12649K, capacity 13582K, committed 13772K, reserved 1048576K
}
Event: 698.575 GC heap after
{Heap after GC invocations=24 (full 0):
 garbage-first heap   total 260096K, used 118750K [0x0000000080000000, 0x0000000100000000)
  region size 1024K, 2 young (2048K), 2 survivors (2048K)
 Metaspace       used 103200K, capacity 105693K, committed 106188K, reserved 1142784K
  class space    used 12649K, capacity 13582K, committed 13772K, reserved 1048576K
}
Event: 698.963 GC heap before
{Heap before GC invocations=25 (full 0):
 garbage-first heap   total 260096K, used 179166K [0x0000000080000000, 0x0000000100000000)
  region size 1024K, 47 young (48128K), 2 survivors (2048K)
 Metaspace       used 103883K, capacity 106419K, committed 106700K, reserved 1142784K
  class space    used 12708K, capacity 13645K, committed 13772K, reserved 1048576K
}
Event: 698.971 GC heap after
{Heap after GC invocations=26 (full 0):
 garbage-first heap   total 260096K, used 124317K [0x0000000080000000, 0x0000000100000000)
  region size 1024K, 6 young (6144K), 6 survivors (6144K)
 Metaspace       used 103883K, capacity 106419K, committed 106700K, reserved 1142784K
  class space    used 12708K, capacity 13645K, committed 13772K, reserved 1048576K
}
Event: 699.018 GC heap before
{Heap before GC invocations=26 (full 0):
 garbage-first heap   total 260096K, used 130461K [0x0000000080000000, 0x0000000100000000)
  region size 1024K, 12 young (12288K), 6 survivors (6144K)
 Metaspace       used 103898K, capacity 106419K, committed 106700K, reserved 1142784K
  class space    used 12708K, capacity 13645K, committed 13772K, reserved 1048576K
}
Event: 699.028 GC heap after
{Heap after GC invocations=27 (full 0):
 garbage-first heap   total 260096K, used 117652K [0x0000000080000000, 0x0000000100000000)
  region size 1024K, 2 young (2048K), 2 survivors (2048K)
 Metaspace       used 103898K, capacity 106419K, committed 106700K, reserved 1142784K
  class space    used 12708K, capacity 13645K, committed 13772K, reserved 1048576K
}
Event: 700.869 GC heap before
{Heap before GC invocations=27 (full 0):
 garbage-first heap   total 260096K, used 181140K [0x0000000080000000, 0x0000000100000000)
  region size 1024K, 65 young (66560K), 2 survivors (2048K)
 Metaspace       used 104046K, capacity 106620K, committed 106956K, reserved 1142784K
  class space    used 12709K, capacity 13646K, committed 13772K, reserved 1048576K
}
Event: 700.876 GC heap after
{Heap after GC invocations=28 (full 0):
 garbage-first heap   total 260096K, used 120246K [0x0000000080000000, 0x0000000100000000)
  region size 1024K, 5 young (5120K), 5 survivors (5120K)
 Metaspace       used 104046K, capacity 106620K, committed 106956K, reserved 1142784K
  class space    used 12709K, capacity 13646K, committed 13772K, reserved 1048576K
}
Event: 700.999 GC heap before
{Heap before GC invocations=28 (full 0):
 garbage-first heap   total 260096K, used 131510K [0x0000000080000000, 0x0000000100000000)
  region size 1024K, 18 young (18432K), 5 survivors (5120K)
 Metaspace       used 104050K, capacity 106620K, committed 106956K, reserved 1142784K
  class space    used 12709K, capacity 13646K, committed 13772K, reserved 1048576K
}
Event: 701.004 GC heap after
{Heap after GC invocations=29 (full 0):
 garbage-first heap   total 260096K, used 120798K [0x0000000080000000, 0x0000000100000000)
  region size 1024K, 5 young (5120K), 5 survivors (5120K)
 Metaspace       used 104050K, capacity 106620K, committed 106956K, reserved 1142784K
  class space    used 12709K, capacity 13646K, committed 13772K, reserved 1048576K
}
Event: 1608.839 GC heap before
{Heap before GC invocations=30 (full 0):
 garbage-first heap   total 260096K, used 189140K [0x0000000080000000, 0x0000000100000000)
  region size 1024K, 76 young (77824K), 5 survivors (5120K)
 Metaspace       used 104557K, capacity 107154K, committed 107468K, reserved 1142784K
  class space    used 12733K, capacity 13681K, committed 13772K, reserved 1048576K
}
Event: 1608.848 GC heap after
{Heap after GC invocations=31 (full 0):
 garbage-first heap   total 260096K, used 110483K [0x0000000080000000, 0x0000000100000000)
  region size 1024K, 7 young (7168K), 7 survivors (7168K)
 Metaspace       used 104557K, capacity 107154K, committed 107468K, reserved 1142784K
  class space    used 12733K, capacity 13681K, committed 13772K, reserved 1048576K
}
Event: 1608.935 GC heap before
{Heap before GC invocations=31 (full 0):
 garbage-first heap   total 260096K, used 114579K [0x0000000080000000, 0x0000000100000000)
  region size 1024K, 12 young (12288K), 7 survivors (7168K)
 Metaspace       used 104567K, capacity 107154K, committed 107468K, reserved 1142784K
  class space    used 12733K, capacity 13681K, committed 13772K, reserved 1048576K
}
Event: 1608.944 GC heap after
{Heap after GC invocations=32 (full 0):
 garbage-first heap   total 260096K, used 103035K [0x0000000080000000, 0x0000000100000000)
  region size 1024K, 2 young (2048K), 2 survivors (2048K)
 Metaspace       used 104567K, capacity 107154K, committed 107468K, reserved 1142784K
  class space    used 12733K, capacity 13681K, committed 13772K, reserved 1048576K
}
Event: 1613.688 GC heap before
{Heap before GC invocations=32 (full 0):
 garbage-first heap   total 260096K, used 191099K [0x0000000080000000, 0x0000000100000000)
  region size 1024K, 87 young (89088K), 2 survivors (2048K)
 Metaspace       used 106527K, capacity 109052K, committed 109132K, reserved 1144832K
  class space    used 12969K, capacity 13896K, committed 13900K, reserved 1048576K
}
Event: 1613.697 GC heap after
{Heap after GC invocations=33 (full 0):
 garbage-first heap   total 260096K, used 107527K [0x0000000080000000, 0x0000000100000000)
  region size 1024K, 6 young (6144K), 6 survivors (6144K)
 Metaspace       used 106527K, capacity 109052K, committed 109132K, reserved 1144832K
  class space    used 12969K, capacity 13896K, committed 13900K, reserved 1048576K
}
Event: 1615.239 GC heap before
{Heap before GC invocations=33 (full 0):
 garbage-first heap   total 260096K, used 194567K [0x0000000080000000, 0x0000000100000000)
  region size 1024K, 92 young (94208K), 6 survivors (6144K)
 Metaspace       used 116586K, capacity 119708K, committed 119884K, reserved 1153024K
  class space    used 14391K, capacity 15570K, committed 15692K, reserved 1048576K
}
Event: 1615.249 GC heap after
{Heap after GC invocations=34 (full 0):
 garbage-first heap   total 260096K, used 111957K [0x0000000080000000, 0x0000000100000000)
  region size 1024K, 10 young (10240K), 10 survivors (10240K)
 Metaspace       used 116586K, capacity 119708K, committed 119884K, reserved 1153024K
  class space    used 14391K, capacity 15570K, committed 15692K, reserved 1048576K
}

